<?xml version='1.0' encoding='UTF-8' ?>
<testsuite name="com.example.note_app.UiTester" tests="1" failures="0" errors="0" skipped="0" time="0.003" timestamp="2024-03-21T09:58:00" hostname="localhost">
  <properties>
    <property name="device" value="Medium_Phone_API_33(AVD) - 13" />
    <property name="flavor" value="" />
    <property name="project" value=":app" />
  </properties>
  <testcase name="addNote" classname="com.example.note_app.UiTester" time="0.0" />
</testsuite>