<?xml version="1.0" encoding="UTF-8"?>
<testsuite name="com.example.note_app.ExampleUnitTest" tests="2" skipped="0" failures="0" errors="0" timestamp="2024-03-21T09:10:58" hostname="Benjamins-MacBook-Pro.local" time="0.007">
  <properties/>
  <testcase name="Addition works" classname="com.example.note_app.ExampleUnitTest" time="0.0"/>
  <testcase name="Sum function works" classname="com.example.note_app.ExampleUnitTest" time="0.007"/>
  <system-out><![CDATA[]]></system-out>
  <system-err><![CDATA[]]></system-err>
</testsuite>
